{"D:\\school stuff\\5th Semester\\CCP555\\fragments\\src\\app.js": {"path":"D:\\school stuff\\5th Semester\\CCP555\\fragments\\src\\app.js","statementMap":{"0":{"start":{"line":3,"column":16},"end":{"line":3,"column":34}},"1":{"start":{"line":4,"column":13},"end":{"line":4,"column":28}},"2":{"start":{"line":5,"column":15},"end":{"line":5,"column":32}},"3":{"start":{"line":6,"column":20},"end":{"line":6,"column":42}},"4":{"start":{"line":7,"column":17},"end":{"line":7,"column":36}},"5":{"start":{"line":8,"column":21},"end":{"line":8,"column":49}},"6":{"start":{"line":10,"column":15},"end":{"line":10,"column":34}},"7":{"start":{"line":11,"column":13},"end":{"line":14,"column":2}},"8":{"start":{"line":17,"column":12},"end":{"line":17,"column":21}},"9":{"start":{"line":20,"column":0},"end":{"line":20,"column":14}},"10":{"start":{"line":23,"column":0},"end":{"line":23,"column":18}},"11":{"start":{"line":26,"column":0},"end":{"line":26,"column":16}},"12":{"start":{"line":47,"column":0},"end":{"line":47,"column":23}},"13":{"start":{"line":50,"column":0},"end":{"line":50,"column":38}},"14":{"start":{"line":51,"column":0},"end":{"line":51,"column":31}},"15":{"start":{"line":53,"column":0},"end":{"line":53,"column":34}},"16":{"start":{"line":55,"column":0},"end":{"line":63,"column":3}},"17":{"start":{"line":56,"column":2},"end":{"line":62,"column":5}},"18":{"start":{"line":67,"column":0},"end":{"line":85,"column":3}},"19":{"start":{"line":70,"column":17},"end":{"line":70,"column":34}},"20":{"start":{"line":71,"column":18},"end":{"line":71,"column":60}},"21":{"start":{"line":74,"column":2},"end":{"line":76,"column":3}},"22":{"start":{"line":75,"column":4},"end":{"line":75,"column":54}},"23":{"start":{"line":78,"column":2},"end":{"line":84,"column":5}},"24":{"start":{"line":88,"column":0},"end":{"line":88,"column":21}}},"fnMap":{"0":{"name":"(anonymous_0)","decl":{"start":{"line":55,"column":8},"end":{"line":55,"column":9}},"loc":{"start":{"line":55,"column":22},"end":{"line":63,"column":1}},"line":55},"1":{"name":"(anonymous_1)","decl":{"start":{"line":67,"column":8},"end":{"line":67,"column":9}},"loc":{"start":{"line":67,"column":33},"end":{"line":85,"column":1}},"line":67}},"branchMap":{"0":{"loc":{"start":{"line":70,"column":17},"end":{"line":70,"column":34}},"type":"binary-expr","locations":[{"start":{"line":70,"column":17},"end":{"line":70,"column":27}},{"start":{"line":70,"column":31},"end":{"line":70,"column":34}}],"line":70},"1":{"loc":{"start":{"line":71,"column":18},"end":{"line":71,"column":60}},"type":"binary-expr","locations":[{"start":{"line":71,"column":18},"end":{"line":71,"column":29}},{"start":{"line":71,"column":33},"end":{"line":71,"column":60}}],"line":71},"2":{"loc":{"start":{"line":74,"column":2},"end":{"line":76,"column":3}},"type":"if","locations":[{"start":{"line":74,"column":2},"end":{"line":76,"column":3}},{"start":{},"end":{}}],"line":74}},"s":{"0":3,"1":3,"2":3,"3":3,"4":3,"5":3,"6":3,"7":3,"8":3,"9":3,"10":3,"11":3,"12":3,"13":3,"14":3,"15":3,"16":3,"17":1,"18":3,"19":0,"20":0,"21":0,"22":0,"23":0,"24":3},"f":{"0":1,"1":0},"b":{"0":[0,0],"1":[0,0],"2":[0,0]},"_coverageSchema":"1a1c01bbd47fc00a2c39e90264f33305004495a9","hash":"996705e754e8ab1fa4739368e996e0ea73cf34bc"}
,"D:\\school stuff\\5th Semester\\CCP555\\fragments\\src\\logger.js": {"path":"D:\\school stuff\\5th Semester\\CCP555\\fragments\\src\\logger.js","statementMap":{"0":{"start":{"line":4,"column":16},"end":{"line":4,"column":58}},"1":{"start":{"line":7,"column":0},"end":{"line":21,"column":1}},"2":{"start":{"line":15,"column":2},"end":{"line":20,"column":4}},"3":{"start":{"line":25,"column":0},"end":{"line":25,"column":42}}},"fnMap":{},"branchMap":{"0":{"loc":{"start":{"line":4,"column":25},"end":{"line":4,"column":56}},"type":"binary-expr","locations":[{"start":{"line":4,"column":25},"end":{"line":4,"column":46}},{"start":{"line":4,"column":50},"end":{"line":4,"column":56}}],"line":4},"1":{"loc":{"start":{"line":7,"column":0},"end":{"line":21,"column":1}},"type":"if","locations":[{"start":{"line":7,"column":0},"end":{"line":21,"column":1}},{"start":{},"end":{}}],"line":7}},"s":{"0":3,"1":3,"2":0,"3":3},"f":{},"b":{"0":[3,0],"1":[0,3]},"_coverageSchema":"1a1c01bbd47fc00a2c39e90264f33305004495a9","hash":"d1ba5a3493d847c8dec8a67d2702d7ffbb1daa7a"}
,"D:\\school stuff\\5th Semester\\CCP555\\fragments\\src\\response.js": {"path":"D:\\school stuff\\5th Semester\\CCP555\\fragments\\src\\response.js","statementMap":{"0":{"start":{"line":11,"column":0},"end":{"line":16,"column":2}},"1":{"start":{"line":12,"column":2},"end":{"line":15,"column":4}},"2":{"start":{"line":29,"column":0},"end":{"line":37,"column":2}},"3":{"start":{"line":30,"column":2},"end":{"line":36,"column":4}}},"fnMap":{"0":{"name":"(anonymous_0)","decl":{"start":{"line":11,"column":39},"end":{"line":11,"column":40}},"loc":{"start":{"line":11,"column":55},"end":{"line":16,"column":1}},"line":11},"1":{"name":"(anonymous_1)","decl":{"start":{"line":29,"column":37},"end":{"line":29,"column":38}},"loc":{"start":{"line":29,"column":62},"end":{"line":37,"column":1}},"line":29}},"branchMap":{},"s":{"0":1,"1":2,"2":1,"3":1},"f":{"0":2,"1":1},"b":{},"_coverageSchema":"1a1c01bbd47fc00a2c39e90264f33305004495a9","hash":"154d692abc4380d941172de653a4f8872b146514"}
,"D:\\school stuff\\5th Semester\\CCP555\\fragments\\src\\auth\\basic-auth.js": {"path":"D:\\school stuff\\5th Semester\\CCP555\\fragments\\src\\auth\\basic-auth.js","statementMap":{"0":{"start":{"line":6,"column":13},"end":{"line":6,"column":33}},"1":{"start":{"line":7,"column":17},"end":{"line":7,"column":36}},"2":{"start":{"line":8,"column":21},"end":{"line":8,"column":50}},"3":{"start":{"line":11,"column":0},"end":{"line":13,"column":1}},"4":{"start":{"line":12,"column":2},"end":{"line":12,"column":61}},"5":{"start":{"line":15,"column":0},"end":{"line":22,"column":4}},"6":{"start":{"line":18,"column":2},"end":{"line":22,"column":3}},"7":{"start":{"line":24,"column":0},"end":{"line":24,"column":86}},"8":{"start":{"line":24,"column":36},"end":{"line":24,"column":85}}},"fnMap":{"0":{"name":"(anonymous_0)","decl":{"start":{"line":15,"column":26},"end":{"line":15,"column":27}},"loc":{"start":{"line":18,"column":2},"end":{"line":22,"column":3}},"line":18},"1":{"name":"(anonymous_1)","decl":{"start":{"line":24,"column":30},"end":{"line":24,"column":31}},"loc":{"start":{"line":24,"column":36},"end":{"line":24,"column":85}},"line":24}},"branchMap":{"0":{"loc":{"start":{"line":11,"column":0},"end":{"line":13,"column":1}},"type":"if","locations":[{"start":{"line":11,"column":0},"end":{"line":13,"column":1}},{"start":{},"end":{}}],"line":11}},"s":{"0":3,"1":3,"2":3,"3":3,"4":0,"5":3,"6":3,"7":3,"8":3},"f":{"0":3,"1":3},"b":{"0":[0,3]},"_coverageSchema":"1a1c01bbd47fc00a2c39e90264f33305004495a9","hash":"51622e948820671fdde1aee4d62006d7c8fd672a"}
,"D:\\school stuff\\5th Semester\\CCP555\\fragments\\src\\auth\\index.js": {"path":"D:\\school stuff\\5th Semester\\CCP555\\fragments\\src\\auth\\index.js","statementMap":{"0":{"start":{"line":4,"column":0},"end":{"line":14,"column":1}},"1":{"start":{"line":5,"column":2},"end":{"line":5,"column":40}},"2":{"start":{"line":8,"column":5},"end":{"line":14,"column":1}},"3":{"start":{"line":9,"column":2},"end":{"line":9,"column":43}},"4":{"start":{"line":13,"column":2},"end":{"line":13,"column":76}}},"fnMap":{},"branchMap":{"0":{"loc":{"start":{"line":4,"column":0},"end":{"line":14,"column":1}},"type":"if","locations":[{"start":{"line":4,"column":0},"end":{"line":14,"column":1}},{"start":{"line":8,"column":5},"end":{"line":14,"column":1}}],"line":4},"1":{"loc":{"start":{"line":4,"column":4},"end":{"line":4,"column":72}},"type":"binary-expr","locations":[{"start":{"line":4,"column":4},"end":{"line":4,"column":35}},{"start":{"line":4,"column":39},"end":{"line":4,"column":72}}],"line":4},"2":{"loc":{"start":{"line":8,"column":5},"end":{"line":14,"column":1}},"type":"if","locations":[{"start":{"line":8,"column":5},"end":{"line":14,"column":1}},{"start":{"line":12,"column":5},"end":{"line":14,"column":1}}],"line":8},"3":{"loc":{"start":{"line":8,"column":9},"end":{"line":8,"column":71}},"type":"binary-expr","locations":[{"start":{"line":8,"column":9},"end":{"line":8,"column":34}},{"start":{"line":8,"column":38},"end":{"line":8,"column":71}}],"line":8}},"s":{"0":3,"1":0,"2":3,"3":3,"4":0},"f":{},"b":{"0":[0,3],"1":[3,0],"2":[3,0],"3":[3,3]},"_coverageSchema":"1a1c01bbd47fc00a2c39e90264f33305004495a9","hash":"77304e087c5911e397187d2deb6be56f58531960"}
,"D:\\school stuff\\5th Semester\\CCP555\\fragments\\src\\routes\\index.js": {"path":"D:\\school stuff\\5th Semester\\CCP555\\fragments\\src\\routes\\index.js","statementMap":{"0":{"start":{"line":2,"column":25},"end":{"line":2,"column":43}},"1":{"start":{"line":3,"column":16},"end":{"line":3,"column":34}},"2":{"start":{"line":6,"column":28},"end":{"line":6,"column":57}},"3":{"start":{"line":9,"column":15},"end":{"line":9,"column":31}},"4":{"start":{"line":14,"column":0},"end":{"line":14,"column":52}},"5":{"start":{"line":20,"column":0},"end":{"line":31,"column":3}},"6":{"start":{"line":22,"column":2},"end":{"line":22,"column":45}},"7":{"start":{"line":24,"column":2},"end":{"line":30,"column":5}},"8":{"start":{"line":33,"column":0},"end":{"line":33,"column":24}}},"fnMap":{"0":{"name":"(anonymous_0)","decl":{"start":{"line":20,"column":16},"end":{"line":20,"column":17}},"loc":{"start":{"line":20,"column":30},"end":{"line":31,"column":1}},"line":20}},"branchMap":{},"s":{"0":3,"1":3,"2":3,"3":3,"4":3,"5":3,"6":4,"7":4,"8":3},"f":{"0":4},"b":{},"_coverageSchema":"1a1c01bbd47fc00a2c39e90264f33305004495a9","hash":"594390ce791b578100e048036c9cb5d1aea3a259"}
,"D:\\school stuff\\5th Semester\\CCP555\\fragments\\src\\routes\\api\\get.js": {"path":"D:\\school stuff\\5th Semester\\CCP555\\fragments\\src\\routes\\api\\get.js","statementMap":{"0":{"start":{"line":6,"column":0},"end":{"line":13,"column":2}},"1":{"start":{"line":8,"column":2},"end":{"line":12,"column":5}}},"fnMap":{"0":{"name":"(anonymous_0)","decl":{"start":{"line":6,"column":17},"end":{"line":6,"column":18}},"loc":{"start":{"line":6,"column":31},"end":{"line":13,"column":1}},"line":6}},"branchMap":{},"s":{"0":3,"1":1},"f":{"0":1},"b":{},"_coverageSchema":"1a1c01bbd47fc00a2c39e90264f33305004495a9","hash":"eba31323ce7bd6f7d05ee80aa68eb24b49eb559b"}
,"D:\\school stuff\\5th Semester\\CCP555\\fragments\\src\\routes\\api\\index.js": {"path":"D:\\school stuff\\5th Semester\\CCP555\\fragments\\src\\routes\\api\\index.js","statementMap":{"0":{"start":{"line":6,"column":16},"end":{"line":6,"column":34}},"1":{"start":{"line":9,"column":15},"end":{"line":9,"column":31}},"2":{"start":{"line":12,"column":0},"end":{"line":12,"column":43}},"3":{"start":{"line":15,"column":0},"end":{"line":15,"column":24}}},"fnMap":{},"branchMap":{},"s":{"0":3,"1":3,"2":3,"3":3},"f":{},"b":{},"_coverageSchema":"1a1c01bbd47fc00a2c39e90264f33305004495a9","hash":"e581f7755c05b0b2f58686568c8397d1b0927e43"}
}
