{"D:\\school stuff\\5th Semester\\CCP555\\fragments\\src\\app.js": {"path":"D:\\school stuff\\5th Semester\\CCP555\\fragments\\src\\app.js","statementMap":{"0":{"start":{"line":3,"column":16},"end":{"line":3,"column":34}},"1":{"start":{"line":4,"column":13},"end":{"line":4,"column":28}},"2":{"start":{"line":5,"column":15},"end":{"line":5,"column":32}},"3":{"start":{"line":6,"column":20},"end":{"line":6,"column":42}},"4":{"start":{"line":7,"column":17},"end":{"line":7,"column":36}},"5":{"start":{"line":8,"column":21},"end":{"line":8,"column":38}},"6":{"start":{"line":9,"column":17},"end":{"line":9,"column":38}},"7":{"start":{"line":11,"column":15},"end":{"line":11,"column":34}},"8":{"start":{"line":12,"column":13},"end":{"line":15,"column":2}},"9":{"start":{"line":18,"column":12},"end":{"line":18,"column":21}},"10":{"start":{"line":21,"column":0},"end":{"line":21,"column":14}},"11":{"start":{"line":24,"column":0},"end":{"line":24,"column":18}},"12":{"start":{"line":27,"column":0},"end":{"line":27,"column":16}},"13":{"start":{"line":30,"column":0},"end":{"line":30,"column":23}},"14":{"start":{"line":33,"column":0},"end":{"line":33,"column":38}},"15":{"start":{"line":34,"column":0},"end":{"line":34,"column":31}},"16":{"start":{"line":36,"column":0},"end":{"line":36,"column":34}},"17":{"start":{"line":38,"column":0},"end":{"line":49,"column":3}},"18":{"start":{"line":40,"column":24},"end":{"line":40,"column":70}},"19":{"start":{"line":41,"column":2},"end":{"line":41,"column":59}},"20":{"start":{"line":53,"column":0},"end":{"line":65,"column":3}},"21":{"start":{"line":56,"column":17},"end":{"line":56,"column":34}},"22":{"start":{"line":57,"column":18},"end":{"line":57,"column":60}},"23":{"start":{"line":60,"column":2},"end":{"line":62,"column":3}},"24":{"start":{"line":61,"column":4},"end":{"line":61,"column":54}},"25":{"start":{"line":64,"column":2},"end":{"line":64,"column":73}},"26":{"start":{"line":68,"column":0},"end":{"line":68,"column":21}}},"fnMap":{"0":{"name":"(anonymous_0)","decl":{"start":{"line":38,"column":8},"end":{"line":38,"column":9}},"loc":{"start":{"line":38,"column":22},"end":{"line":49,"column":1}},"line":38},"1":{"name":"(anonymous_1)","decl":{"start":{"line":53,"column":8},"end":{"line":53,"column":9}},"loc":{"start":{"line":53,"column":33},"end":{"line":65,"column":1}},"line":53}},"branchMap":{"0":{"loc":{"start":{"line":56,"column":17},"end":{"line":56,"column":34}},"type":"binary-expr","locations":[{"start":{"line":56,"column":17},"end":{"line":56,"column":27}},{"start":{"line":56,"column":31},"end":{"line":56,"column":34}}],"line":56},"1":{"loc":{"start":{"line":57,"column":18},"end":{"line":57,"column":60}},"type":"binary-expr","locations":[{"start":{"line":57,"column":18},"end":{"line":57,"column":29}},{"start":{"line":57,"column":33},"end":{"line":57,"column":60}}],"line":57},"2":{"loc":{"start":{"line":60,"column":2},"end":{"line":62,"column":3}},"type":"if","locations":[{"start":{"line":60,"column":2},"end":{"line":62,"column":3}},{"start":{},"end":{}}],"line":60}},"s":{"0":5,"1":5,"2":5,"3":5,"4":5,"5":5,"6":5,"7":5,"8":5,"9":5,"10":5,"11":5,"12":5,"13":5,"14":5,"15":5,"16":5,"17":5,"18":1,"19":1,"20":5,"21":0,"22":0,"23":0,"24":0,"25":0,"26":5},"f":{"0":1,"1":0},"b":{"0":[0,0],"1":[0,0],"2":[0,0]},"_coverageSchema":"1a1c01bbd47fc00a2c39e90264f33305004495a9","hash":"0715d9ff2518675e61bf89f3d0b1b6a3fa7a369a"}
,"D:\\school stuff\\5th Semester\\CCP555\\fragments\\src\\hash.js": {"path":"D:\\school stuff\\5th Semester\\CCP555\\fragments\\src\\hash.js","statementMap":{"0":{"start":{"line":16,"column":15},"end":{"line":16,"column":32}},"1":{"start":{"line":22,"column":0},"end":{"line":22,"column":84}},"2":{"start":{"line":22,"column":28},"end":{"line":22,"column":83}}},"fnMap":{"0":{"name":"(anonymous_0)","decl":{"start":{"line":22,"column":17},"end":{"line":22,"column":18}},"loc":{"start":{"line":22,"column":28},"end":{"line":22,"column":83}},"line":22}},"branchMap":{},"s":{"0":6,"1":6,"2":23},"f":{"0":23},"b":{},"_coverageSchema":"1a1c01bbd47fc00a2c39e90264f33305004495a9","hash":"7ff4419a5949d9a15c5cfa51ed8d6c9893aadc2b"}
,"D:\\school stuff\\5th Semester\\CCP555\\fragments\\src\\logger.js": {"path":"D:\\school stuff\\5th Semester\\CCP555\\fragments\\src\\logger.js","statementMap":{"0":{"start":{"line":4,"column":16},"end":{"line":4,"column":58}},"1":{"start":{"line":7,"column":0},"end":{"line":21,"column":1}},"2":{"start":{"line":15,"column":2},"end":{"line":20,"column":4}},"3":{"start":{"line":25,"column":0},"end":{"line":25,"column":42}}},"fnMap":{},"branchMap":{"0":{"loc":{"start":{"line":4,"column":25},"end":{"line":4,"column":56}},"type":"binary-expr","locations":[{"start":{"line":4,"column":25},"end":{"line":4,"column":46}},{"start":{"line":4,"column":50},"end":{"line":4,"column":56}}],"line":4},"1":{"loc":{"start":{"line":7,"column":0},"end":{"line":21,"column":1}},"type":"if","locations":[{"start":{"line":7,"column":0},"end":{"line":21,"column":1}},{"start":{},"end":{}}],"line":7}},"s":{"0":5,"1":5,"2":0,"3":5},"f":{},"b":{"0":[5,0],"1":[0,5]},"_coverageSchema":"1a1c01bbd47fc00a2c39e90264f33305004495a9","hash":"d1ba5a3493d847c8dec8a67d2702d7ffbb1daa7a"}
,"D:\\school stuff\\5th Semester\\CCP555\\fragments\\src\\response.js": {"path":"D:\\school stuff\\5th Semester\\CCP555\\fragments\\src\\response.js","statementMap":{"0":{"start":{"line":11,"column":0},"end":{"line":16,"column":2}},"1":{"start":{"line":12,"column":2},"end":{"line":15,"column":4}},"2":{"start":{"line":29,"column":0},"end":{"line":37,"column":2}},"3":{"start":{"line":30,"column":2},"end":{"line":36,"column":4}}},"fnMap":{"0":{"name":"(anonymous_0)","decl":{"start":{"line":11,"column":39},"end":{"line":11,"column":40}},"loc":{"start":{"line":11,"column":55},"end":{"line":16,"column":1}},"line":11},"1":{"name":"(anonymous_1)","decl":{"start":{"line":29,"column":37},"end":{"line":29,"column":38}},"loc":{"start":{"line":29,"column":62},"end":{"line":37,"column":1}},"line":29}},"branchMap":{},"s":{"0":6,"1":17,"2":6,"3":8},"f":{"0":17,"1":8},"b":{},"_coverageSchema":"1a1c01bbd47fc00a2c39e90264f33305004495a9","hash":"154d692abc4380d941172de653a4f8872b146514"}
,"D:\\school stuff\\5th Semester\\CCP555\\fragments\\src\\auth\\auth-middleware.js": {"path":"D:\\school stuff\\5th Semester\\CCP555\\fragments\\src\\auth\\auth-middleware.js","statementMap":{"0":{"start":{"line":1,"column":17},"end":{"line":1,"column":36}},"1":{"start":{"line":3,"column":32},"end":{"line":3,"column":54}},"2":{"start":{"line":4,"column":13},"end":{"line":4,"column":31}},"3":{"start":{"line":5,"column":15},"end":{"line":5,"column":35}},"4":{"start":{"line":11,"column":0},"end":{"line":43,"column":2}},"5":{"start":{"line":12,"column":2},"end":{"line":42,"column":4}},"6":{"start":{"line":21,"column":6},"end":{"line":24,"column":7}},"7":{"start":{"line":22,"column":8},"end":{"line":22,"column":58}},"8":{"start":{"line":23,"column":8},"end":{"line":23,"column":77}},"9":{"start":{"line":27,"column":6},"end":{"line":29,"column":7}},"10":{"start":{"line":28,"column":8},"end":{"line":28,"column":78}},"11":{"start":{"line":32,"column":6},"end":{"line":32,"column":29}},"12":{"start":{"line":33,"column":6},"end":{"line":33,"column":68}},"13":{"start":{"line":36,"column":6},"end":{"line":36,"column":13}},"14":{"start":{"line":41,"column":4},"end":{"line":41,"column":86}}},"fnMap":{"0":{"name":"(anonymous_0)","decl":{"start":{"line":11,"column":17},"end":{"line":11,"column":18}},"loc":{"start":{"line":11,"column":35},"end":{"line":43,"column":1}},"line":11},"1":{"name":"(anonymous_1)","decl":{"start":{"line":12,"column":9},"end":{"line":12,"column":10}},"loc":{"start":{"line":12,"column":35},"end":{"line":42,"column":3}},"line":12},"2":{"name":"callback","decl":{"start":{"line":19,"column":13},"end":{"line":19,"column":21}},"loc":{"start":{"line":19,"column":34},"end":{"line":37,"column":5}},"line":19}},"branchMap":{"0":{"loc":{"start":{"line":21,"column":6},"end":{"line":24,"column":7}},"type":"if","locations":[{"start":{"line":21,"column":6},"end":{"line":24,"column":7}},{"start":{},"end":{}}],"line":21},"1":{"loc":{"start":{"line":27,"column":6},"end":{"line":29,"column":7}},"type":"if","locations":[{"start":{"line":27,"column":6},"end":{"line":29,"column":7}},{"start":{},"end":{}}],"line":27}},"s":{"0":5,"1":5,"2":5,"3":5,"4":5,"5":5,"6":24,"7":0,"8":0,"9":24,"10":4,"11":20,"12":20,"13":20,"14":24},"f":{"0":5,"1":24,"2":24},"b":{"0":[0,24],"1":[4,20]},"_coverageSchema":"1a1c01bbd47fc00a2c39e90264f33305004495a9","hash":"d2837eb3fd6272123f5c9df09ef862a4fb8ed084"}
,"D:\\school stuff\\5th Semester\\CCP555\\fragments\\src\\auth\\basic-auth.js": {"path":"D:\\school stuff\\5th Semester\\CCP555\\fragments\\src\\auth\\basic-auth.js","statementMap":{"0":{"start":{"line":6,"column":13},"end":{"line":6,"column":33}},"1":{"start":{"line":9,"column":18},"end":{"line":9,"column":46}},"2":{"start":{"line":10,"column":21},"end":{"line":10,"column":50}},"3":{"start":{"line":13,"column":0},"end":{"line":15,"column":1}},"4":{"start":{"line":14,"column":2},"end":{"line":14,"column":61}},"5":{"start":{"line":17,"column":0},"end":{"line":24,"column":4}},"6":{"start":{"line":20,"column":2},"end":{"line":24,"column":3}},"7":{"start":{"line":26,"column":0},"end":{"line":26,"column":54}},"8":{"start":{"line":26,"column":36},"end":{"line":26,"column":53}}},"fnMap":{"0":{"name":"(anonymous_0)","decl":{"start":{"line":17,"column":26},"end":{"line":17,"column":27}},"loc":{"start":{"line":20,"column":2},"end":{"line":24,"column":3}},"line":20},"1":{"name":"(anonymous_1)","decl":{"start":{"line":26,"column":30},"end":{"line":26,"column":31}},"loc":{"start":{"line":26,"column":36},"end":{"line":26,"column":53}},"line":26}},"branchMap":{"0":{"loc":{"start":{"line":13,"column":0},"end":{"line":15,"column":1}},"type":"if","locations":[{"start":{"line":13,"column":0},"end":{"line":15,"column":1}},{"start":{},"end":{}}],"line":13}},"s":{"0":5,"1":5,"2":5,"3":5,"4":0,"5":5,"6":5,"7":5,"8":5},"f":{"0":5,"1":5},"b":{"0":[0,5]},"_coverageSchema":"1a1c01bbd47fc00a2c39e90264f33305004495a9","hash":"909eaf2eca1a20de0853f0c72202e5e44bc02774"}
,"D:\\school stuff\\5th Semester\\CCP555\\fragments\\src\\auth\\index.js": {"path":"D:\\school stuff\\5th Semester\\CCP555\\fragments\\src\\auth\\index.js","statementMap":{"0":{"start":{"line":4,"column":0},"end":{"line":14,"column":1}},"1":{"start":{"line":5,"column":2},"end":{"line":5,"column":40}},"2":{"start":{"line":8,"column":5},"end":{"line":14,"column":1}},"3":{"start":{"line":9,"column":2},"end":{"line":9,"column":43}},"4":{"start":{"line":13,"column":2},"end":{"line":13,"column":76}}},"fnMap":{},"branchMap":{"0":{"loc":{"start":{"line":4,"column":0},"end":{"line":14,"column":1}},"type":"if","locations":[{"start":{"line":4,"column":0},"end":{"line":14,"column":1}},{"start":{"line":8,"column":5},"end":{"line":14,"column":1}}],"line":4},"1":{"loc":{"start":{"line":4,"column":4},"end":{"line":4,"column":72}},"type":"binary-expr","locations":[{"start":{"line":4,"column":4},"end":{"line":4,"column":35}},{"start":{"line":4,"column":39},"end":{"line":4,"column":72}}],"line":4},"2":{"loc":{"start":{"line":8,"column":5},"end":{"line":14,"column":1}},"type":"if","locations":[{"start":{"line":8,"column":5},"end":{"line":14,"column":1}},{"start":{"line":12,"column":5},"end":{"line":14,"column":1}}],"line":8},"3":{"loc":{"start":{"line":8,"column":9},"end":{"line":8,"column":71}},"type":"binary-expr","locations":[{"start":{"line":8,"column":9},"end":{"line":8,"column":34}},{"start":{"line":8,"column":38},"end":{"line":8,"column":71}}],"line":8}},"s":{"0":5,"1":0,"2":5,"3":5,"4":0},"f":{},"b":{"0":[0,5],"1":[5,0],"2":[5,0],"3":[5,5]},"_coverageSchema":"1a1c01bbd47fc00a2c39e90264f33305004495a9","hash":"77304e087c5911e397187d2deb6be56f58531960"}
,"D:\\school stuff\\5th Semester\\CCP555\\fragments\\src\\model\\fragment.js": {"path":"D:\\school stuff\\5th Semester\\CCP555\\fragments\\src\\model\\fragment.js","statementMap":{"0":{"start":{"line":3,"column":23},"end":{"line":3,"column":40}},"1":{"start":{"line":5,"column":20},"end":{"line":5,"column":43}},"2":{"start":{"line":15,"column":4},"end":{"line":15,"column":21}},"3":{"start":{"line":19,"column":4},"end":{"line":49,"column":5}},"4":{"start":{"line":27,"column":6},"end":{"line":31,"column":7}},"5":{"start":{"line":28,"column":8},"end":{"line":28,"column":22}},"6":{"start":{"line":30,"column":8},"end":{"line":30,"column":25}},"7":{"start":{"line":32,"column":6},"end":{"line":32,"column":35}},"8":{"start":{"line":33,"column":6},"end":{"line":33,"column":29}},"9":{"start":{"line":35,"column":6},"end":{"line":35,"column":54}},"10":{"start":{"line":37,"column":6},"end":{"line":37,"column":53}},"11":{"start":{"line":38,"column":6},"end":{"line":38,"column":23}},"12":{"start":{"line":39,"column":6},"end":{"line":39,"column":18}},"13":{"start":{"line":41,"column":6},"end":{"line":43,"column":7}},"14":{"start":{"line":42,"column":8},"end":{"line":42,"column":63}},"15":{"start":{"line":44,"column":6},"end":{"line":48,"column":7}},"16":{"start":{"line":45,"column":8},"end":{"line":45,"column":60}},"17":{"start":{"line":47,"column":8},"end":{"line":47,"column":58}},"18":{"start":{"line":59,"column":4},"end":{"line":59,"column":42}},"19":{"start":{"line":69,"column":21},"end":{"line":69,"column":52}},"20":{"start":{"line":70,"column":4},"end":{"line":72,"column":5}},"21":{"start":{"line":71,"column":6},"end":{"line":71,"column":51}},"22":{"start":{"line":73,"column":24},"end":{"line":80,"column":6}},"23":{"start":{"line":81,"column":4},"end":{"line":81,"column":40}},"24":{"start":{"line":91,"column":4},"end":{"line":91,"column":39}},"25":{"start":{"line":99,"column":4},"end":{"line":99,"column":41}},"26":{"start":{"line":100,"column":4},"end":{"line":100,"column":31}},"27":{"start":{"line":108,"column":4},"end":{"line":108,"column":51}},"28":{"start":{"line":117,"column":4},"end":{"line":123,"column":5}},"29":{"start":{"line":118,"column":6},"end":{"line":118,"column":43}},"30":{"start":{"line":119,"column":6},"end":{"line":119,"column":42}},"31":{"start":{"line":120,"column":6},"end":{"line":120,"column":60}},"32":{"start":{"line":122,"column":6},"end":{"line":122,"column":40}},"33":{"start":{"line":132,"column":21},"end":{"line":132,"column":49}},"34":{"start":{"line":133,"column":4},"end":{"line":133,"column":27}},"35":{"start":{"line":141,"column":4},"end":{"line":141,"column":41}},"36":{"start":{"line":149,"column":18},"end":{"line":149,"column":20}},"37":{"start":{"line":151,"column":4},"end":{"line":153,"column":5}},"38":{"start":{"line":152,"column":6},"end":{"line":152,"column":31}},"39":{"start":{"line":154,"column":4},"end":{"line":154,"column":19}},"40":{"start":{"line":163,"column":20},"end":{"line":172,"column":5}},"41":{"start":{"line":174,"column":4},"end":{"line":174,"column":37}},"42":{"start":{"line":178,"column":0},"end":{"line":178,"column":35}}},"fnMap":{"0":{"name":"(anonymous_0)","decl":{"start":{"line":18,"column":2},"end":{"line":18,"column":3}},"loc":{"start":{"line":18,"column":65},"end":{"line":50,"column":3}},"line":18},"1":{"name":"(anonymous_1)","decl":{"start":{"line":58,"column":2},"end":{"line":58,"column":3}},"loc":{"start":{"line":58,"column":47},"end":{"line":60,"column":3}},"line":58},"2":{"name":"(anonymous_2)","decl":{"start":{"line":68,"column":2},"end":{"line":68,"column":3}},"loc":{"start":{"line":68,"column":33},"end":{"line":82,"column":3}},"line":68},"3":{"name":"(anonymous_3)","decl":{"start":{"line":90,"column":2},"end":{"line":90,"column":3}},"loc":{"start":{"line":90,"column":35},"end":{"line":92,"column":3}},"line":90},"4":{"name":"(anonymous_4)","decl":{"start":{"line":98,"column":2},"end":{"line":98,"column":3}},"loc":{"start":{"line":98,"column":9},"end":{"line":101,"column":3}},"line":98},"5":{"name":"(anonymous_5)","decl":{"start":{"line":107,"column":2},"end":{"line":107,"column":3}},"loc":{"start":{"line":107,"column":12},"end":{"line":109,"column":3}},"line":107},"6":{"name":"(anonymous_6)","decl":{"start":{"line":116,"column":2},"end":{"line":116,"column":3}},"loc":{"start":{"line":116,"column":22},"end":{"line":124,"column":3}},"line":116},"7":{"name":"(anonymous_7)","decl":{"start":{"line":131,"column":2},"end":{"line":131,"column":3}},"loc":{"start":{"line":131,"column":17},"end":{"line":134,"column":3}},"line":131},"8":{"name":"(anonymous_8)","decl":{"start":{"line":140,"column":2},"end":{"line":140,"column":3}},"loc":{"start":{"line":140,"column":15},"end":{"line":142,"column":3}},"line":140},"9":{"name":"(anonymous_9)","decl":{"start":{"line":148,"column":2},"end":{"line":148,"column":3}},"loc":{"start":{"line":148,"column":16},"end":{"line":155,"column":3}},"line":148},"10":{"name":"(anonymous_10)","decl":{"start":{"line":162,"column":2},"end":{"line":162,"column":3}},"loc":{"start":{"line":162,"column":32},"end":{"line":175,"column":3}},"line":162}},"branchMap":{"0":{"loc":{"start":{"line":18,"column":53},"end":{"line":18,"column":61}},"type":"default-arg","locations":[{"start":{"line":18,"column":60},"end":{"line":18,"column":61}}],"line":18},"1":{"loc":{"start":{"line":19,"column":4},"end":{"line":49,"column":5}},"type":"if","locations":[{"start":{"line":19,"column":4},"end":{"line":49,"column":5}},{"start":{"line":40,"column":11},"end":{"line":49,"column":5}}],"line":19},"2":{"loc":{"start":{"line":20,"column":6},"end":{"line":25,"column":31}},"type":"binary-expr","locations":[{"start":{"line":20,"column":7},"end":{"line":20,"column":14}},{"start":{"line":21,"column":8},"end":{"line":21,"column":12}},{"start":{"line":22,"column":8},"end":{"line":22,"column":38}},{"start":{"line":23,"column":8},"end":{"line":23,"column":32}},{"start":{"line":24,"column":8},"end":{"line":24,"column":17}},{"start":{"line":25,"column":6},"end":{"line":25,"column":31}}],"line":20},"3":{"loc":{"start":{"line":27,"column":6},"end":{"line":31,"column":7}},"type":"if","locations":[{"start":{"line":27,"column":6},"end":{"line":31,"column":7}},{"start":{"line":29,"column":13},"end":{"line":31,"column":7}}],"line":27},"4":{"loc":{"start":{"line":32,"column":16},"end":{"line":32,"column":34}},"type":"binary-expr","locations":[{"start":{"line":32,"column":16},"end":{"line":32,"column":18}},{"start":{"line":32,"column":22},"end":{"line":32,"column":34}}],"line":32},"5":{"loc":{"start":{"line":35,"column":21},"end":{"line":35,"column":53}},"type":"binary-expr","locations":[{"start":{"line":35,"column":21},"end":{"line":35,"column":28}},{"start":{"line":35,"column":32},"end":{"line":35,"column":53}}],"line":35},"6":{"loc":{"start":{"line":37,"column":20},"end":{"line":37,"column":52}},"type":"binary-expr","locations":[{"start":{"line":37,"column":20},"end":{"line":37,"column":27}},{"start":{"line":37,"column":31},"end":{"line":37,"column":52}}],"line":37},"7":{"loc":{"start":{"line":41,"column":6},"end":{"line":43,"column":7}},"type":"if","locations":[{"start":{"line":41,"column":6},"end":{"line":43,"column":7}},{"start":{},"end":{}}],"line":41},"8":{"loc":{"start":{"line":44,"column":6},"end":{"line":48,"column":7}},"type":"if","locations":[{"start":{"line":44,"column":6},"end":{"line":48,"column":7}},{"start":{"line":46,"column":13},"end":{"line":48,"column":7}}],"line":44},"9":{"loc":{"start":{"line":58,"column":31},"end":{"line":58,"column":45}},"type":"default-arg","locations":[{"start":{"line":58,"column":40},"end":{"line":58,"column":45}}],"line":58},"10":{"loc":{"start":{"line":70,"column":4},"end":{"line":72,"column":5}},"type":"if","locations":[{"start":{"line":70,"column":4},"end":{"line":72,"column":5}},{"start":{},"end":{}}],"line":70},"11":{"loc":{"start":{"line":117,"column":4},"end":{"line":123,"column":5}},"type":"if","locations":[{"start":{"line":117,"column":4},"end":{"line":123,"column":5}},{"start":{"line":121,"column":11},"end":{"line":123,"column":5}}],"line":117},"12":{"loc":{"start":{"line":151,"column":4},"end":{"line":153,"column":5}},"type":"if","locations":[{"start":{"line":151,"column":4},"end":{"line":153,"column":5}},{"start":{},"end":{}}],"line":151}},"s":{"0":6,"1":6,"2":6,"3":46,"4":40,"5":16,"6":24,"7":40,"8":40,"9":40,"10":40,"11":40,"12":40,"13":6,"14":2,"15":4,"16":1,"17":3,"18":14,"19":12,"20":12,"21":1,"22":11,"23":11,"24":1,"25":46,"26":46,"27":7,"28":16,"29":15,"30":15,"31":15,"32":1,"33":16,"34":16,"35":1,"36":1,"37":1,"38":1,"39":1,"40":59,"41":59,"42":6},"f":{"0":46,"1":14,"2":12,"3":1,"4":46,"5":7,"6":16,"7":16,"8":1,"9":1,"10":59},"b":{"0":[2],"1":[40,6],"2":[46,44,43,42,41,6],"3":[16,24],"4":[40,28],"5":[40,20],"6":[40,40],"7":[2,4],"8":[1,3],"9":[13],"10":[1,11],"11":[15,1],"12":[1,0]},"_coverageSchema":"1a1c01bbd47fc00a2c39e90264f33305004495a9","hash":"ceac6450e8cfed2caaab308e70e4a11a94ec3f6d"}
,"D:\\school stuff\\5th Semester\\CCP555\\fragments\\src\\model\\data\\index.js": {"path":"D:\\school stuff\\5th Semester\\CCP555\\fragments\\src\\model\\data\\index.js","statementMap":{"0":{"start":{"line":5,"column":0},"end":{"line":5,"column":81}},"1":{"start":{"line":7,"column":0},"end":{"line":7,"column":37}}},"fnMap":{},"branchMap":{"0":{"loc":{"start":{"line":5,"column":17},"end":{"line":5,"column":80}},"type":"cond-expr","locations":[{"start":{"line":5,"column":42},"end":{"line":5,"column":58}},{"start":{"line":5,"column":61},"end":{"line":5,"column":80}}],"line":5}},"s":{"0":6,"1":6},"f":{},"b":{"0":[0,6]},"_coverageSchema":"1a1c01bbd47fc00a2c39e90264f33305004495a9","hash":"a67105ced5b4b67a4bc17e3b1f9ab09c2ebe5cd5"}
,"D:\\school stuff\\5th Semester\\CCP555\\fragments\\src\\model\\data\\memory\\index.js": {"path":"D:\\school stuff\\5th Semester\\CCP555\\fragments\\src\\model\\data\\memory\\index.js","statementMap":{"0":{"start":{"line":1,"column":17},"end":{"line":1,"column":39}},"1":{"start":{"line":4,"column":13},"end":{"line":4,"column":27}},"2":{"start":{"line":5,"column":17},"end":{"line":5,"column":31}},"3":{"start":{"line":9,"column":2},"end":{"line":9,"column":63}},"4":{"start":{"line":14,"column":2},"end":{"line":14,"column":35}},"5":{"start":{"line":19,"column":2},"end":{"line":19,"column":39}},"6":{"start":{"line":24,"column":2},"end":{"line":24,"column":31}},"7":{"start":{"line":29,"column":20},"end":{"line":29,"column":49}},"8":{"start":{"line":32,"column":2},"end":{"line":34,"column":3}},"9":{"start":{"line":33,"column":4},"end":{"line":33,"column":21}},"10":{"start":{"line":37,"column":2},"end":{"line":37,"column":50}},"11":{"start":{"line":37,"column":37},"end":{"line":37,"column":48}},"12":{"start":{"line":42,"column":2},"end":{"line":47,"column":5}},"13":{"start":{"line":50,"column":0},"end":{"line":50,"column":45}},"14":{"start":{"line":51,"column":0},"end":{"line":51,"column":45}},"15":{"start":{"line":52,"column":0},"end":{"line":52,"column":43}},"16":{"start":{"line":53,"column":0},"end":{"line":53,"column":53}},"17":{"start":{"line":54,"column":0},"end":{"line":54,"column":51}},"18":{"start":{"line":55,"column":0},"end":{"line":55,"column":47}}},"fnMap":{"0":{"name":"writeFragment","decl":{"start":{"line":8,"column":9},"end":{"line":8,"column":22}},"loc":{"start":{"line":8,"column":33},"end":{"line":10,"column":1}},"line":8},"1":{"name":"readFragment","decl":{"start":{"line":13,"column":9},"end":{"line":13,"column":21}},"loc":{"start":{"line":13,"column":35},"end":{"line":15,"column":1}},"line":13},"2":{"name":"writeFragmentData","decl":{"start":{"line":18,"column":9},"end":{"line":18,"column":26}},"loc":{"start":{"line":18,"column":48},"end":{"line":20,"column":1}},"line":18},"3":{"name":"readFragmentData","decl":{"start":{"line":23,"column":9},"end":{"line":23,"column":25}},"loc":{"start":{"line":23,"column":39},"end":{"line":25,"column":1}},"line":23},"4":{"name":"listFragments","decl":{"start":{"line":28,"column":15},"end":{"line":28,"column":28}},"loc":{"start":{"line":28,"column":54},"end":{"line":38,"column":1}},"line":28},"5":{"name":"(anonymous_5)","decl":{"start":{"line":37,"column":23},"end":{"line":37,"column":24}},"loc":{"start":{"line":37,"column":37},"end":{"line":37,"column":48}},"line":37},"6":{"name":"deleteFragment","decl":{"start":{"line":41,"column":9},"end":{"line":41,"column":23}},"loc":{"start":{"line":41,"column":37},"end":{"line":48,"column":1}},"line":41}},"branchMap":{"0":{"loc":{"start":{"line":28,"column":38},"end":{"line":28,"column":52}},"type":"default-arg","locations":[{"start":{"line":28,"column":47},"end":{"line":28,"column":52}}],"line":28},"1":{"loc":{"start":{"line":32,"column":2},"end":{"line":34,"column":3}},"type":"if","locations":[{"start":{"line":32,"column":2},"end":{"line":34,"column":3}},{"start":{},"end":{}}],"line":32},"2":{"loc":{"start":{"line":32,"column":6},"end":{"line":32,"column":26}},"type":"binary-expr","locations":[{"start":{"line":32,"column":6},"end":{"line":32,"column":12}},{"start":{"line":32,"column":16},"end":{"line":32,"column":26}}],"line":32}},"s":{"0":7,"1":7,"2":7,"3":47,"4":13,"5":16,"6":8,"7":14,"8":14,"9":1,"10":13,"11":57,"12":1,"13":7,"14":7,"15":7,"16":7,"17":7,"18":7},"f":{"0":47,"1":13,"2":16,"3":8,"4":14,"5":57,"6":1},"b":{"0":[0],"1":[1,13],"2":[14,13]},"_coverageSchema":"1a1c01bbd47fc00a2c39e90264f33305004495a9","hash":"43b2e54cf0068079a8903d83b3b15e4601e5040a"}
,"D:\\school stuff\\5th Semester\\CCP555\\fragments\\src\\model\\data\\memory\\memory-db.js": {"path":"D:\\school stuff\\5th Semester\\CCP555\\fragments\\src\\model\\data\\memory\\memory-db.js","statementMap":{"0":{"start":{"line":1,"column":20},"end":{"line":1,"column":52}},"1":{"start":{"line":1,"column":29},"end":{"line":1,"column":52}},"2":{"start":{"line":6,"column":4},"end":{"line":6,"column":17}},"3":{"start":{"line":16,"column":4},"end":{"line":20,"column":5}},"4":{"start":{"line":17,"column":6},"end":{"line":19,"column":8}},"5":{"start":{"line":22,"column":15},"end":{"line":22,"column":22}},"6":{"start":{"line":23,"column":18},"end":{"line":23,"column":64}},"7":{"start":{"line":24,"column":4},"end":{"line":24,"column":34}},"8":{"start":{"line":34,"column":4},"end":{"line":38,"column":5}},"9":{"start":{"line":35,"column":6},"end":{"line":37,"column":8}},"10":{"start":{"line":40,"column":15},"end":{"line":40,"column":22}},"11":{"start":{"line":42,"column":4},"end":{"line":42,"column":42}},"12":{"start":{"line":44,"column":4},"end":{"line":44,"column":41}},"13":{"start":{"line":45,"column":4},"end":{"line":45,"column":29}},"14":{"start":{"line":55,"column":4},"end":{"line":57,"column":5}},"15":{"start":{"line":56,"column":6},"end":{"line":56,"column":85}},"16":{"start":{"line":60,"column":15},"end":{"line":60,"column":22}},"17":{"start":{"line":61,"column":19},"end":{"line":61,"column":70}},"18":{"start":{"line":62,"column":4},"end":{"line":62,"column":35}},"19":{"start":{"line":72,"column":4},"end":{"line":76,"column":5}},"20":{"start":{"line":73,"column":6},"end":{"line":75,"column":8}},"21":{"start":{"line":79,"column":4},"end":{"line":83,"column":5}},"22":{"start":{"line":80,"column":6},"end":{"line":82,"column":8}},"23":{"start":{"line":85,"column":15},"end":{"line":85,"column":22}},"24":{"start":{"line":86,"column":4},"end":{"line":86,"column":40}},"25":{"start":{"line":87,"column":4},"end":{"line":87,"column":29}},"26":{"start":{"line":91,"column":0},"end":{"line":91,"column":26}}},"fnMap":{"0":{"name":"(anonymous_0)","decl":{"start":{"line":1,"column":20},"end":{"line":1,"column":21}},"loc":{"start":{"line":1,"column":29},"end":{"line":1,"column":52}},"line":1},"1":{"name":"(anonymous_1)","decl":{"start":{"line":4,"column":2},"end":{"line":4,"column":3}},"loc":{"start":{"line":4,"column":16},"end":{"line":7,"column":3}},"line":4},"2":{"name":"(anonymous_2)","decl":{"start":{"line":15,"column":2},"end":{"line":15,"column":3}},"loc":{"start":{"line":15,"column":32},"end":{"line":25,"column":3}},"line":15},"3":{"name":"(anonymous_3)","decl":{"start":{"line":33,"column":2},"end":{"line":33,"column":3}},"loc":{"start":{"line":33,"column":39},"end":{"line":46,"column":3}},"line":33},"4":{"name":"(anonymous_4)","decl":{"start":{"line":54,"column":2},"end":{"line":54,"column":3}},"loc":{"start":{"line":54,"column":20},"end":{"line":63,"column":3}},"line":54},"5":{"name":"(anonymous_5)","decl":{"start":{"line":71,"column":2},"end":{"line":71,"column":3}},"loc":{"start":{"line":71,"column":38},"end":{"line":88,"column":3}},"line":71}},"branchMap":{"0":{"loc":{"start":{"line":16,"column":4},"end":{"line":20,"column":5}},"type":"if","locations":[{"start":{"line":16,"column":4},"end":{"line":20,"column":5}},{"start":{},"end":{}}],"line":16},"1":{"loc":{"start":{"line":16,"column":10},"end":{"line":16,"column":62}},"type":"binary-expr","locations":[{"start":{"line":16,"column":10},"end":{"line":16,"column":33}},{"start":{"line":16,"column":37},"end":{"line":16,"column":62}}],"line":16},"2":{"loc":{"start":{"line":23,"column":18},"end":{"line":23,"column":64}},"type":"binary-expr","locations":[{"start":{"line":23,"column":18},"end":{"line":23,"column":32}},{"start":{"line":23,"column":36},"end":{"line":23,"column":64}}],"line":23},"3":{"loc":{"start":{"line":34,"column":4},"end":{"line":38,"column":5}},"type":"if","locations":[{"start":{"line":34,"column":4},"end":{"line":38,"column":5}},{"start":{},"end":{}}],"line":34},"4":{"loc":{"start":{"line":34,"column":10},"end":{"line":34,"column":62}},"type":"binary-expr","locations":[{"start":{"line":34,"column":10},"end":{"line":34,"column":33}},{"start":{"line":34,"column":37},"end":{"line":34,"column":62}}],"line":34},"5":{"loc":{"start":{"line":42,"column":21},"end":{"line":42,"column":41}},"type":"binary-expr","locations":[{"start":{"line":42,"column":21},"end":{"line":42,"column":35}},{"start":{"line":42,"column":39},"end":{"line":42,"column":41}}],"line":42},"6":{"loc":{"start":{"line":55,"column":4},"end":{"line":57,"column":5}},"type":"if","locations":[{"start":{"line":55,"column":4},"end":{"line":57,"column":5}},{"start":{},"end":{}}],"line":55},"7":{"loc":{"start":{"line":61,"column":19},"end":{"line":61,"column":70}},"type":"cond-expr","locations":[{"start":{"line":61,"column":36},"end":{"line":61,"column":65}},{"start":{"line":61,"column":68},"end":{"line":61,"column":70}}],"line":61},"8":{"loc":{"start":{"line":72,"column":4},"end":{"line":76,"column":5}},"type":"if","locations":[{"start":{"line":72,"column":4},"end":{"line":76,"column":5}},{"start":{},"end":{}}],"line":72},"9":{"loc":{"start":{"line":72,"column":10},"end":{"line":72,"column":62}},"type":"binary-expr","locations":[{"start":{"line":72,"column":10},"end":{"line":72,"column":33}},{"start":{"line":72,"column":37},"end":{"line":72,"column":62}}],"line":72},"10":{"loc":{"start":{"line":79,"column":4},"end":{"line":83,"column":5}},"type":"if","locations":[{"start":{"line":79,"column":4},"end":{"line":83,"column":5}},{"start":{},"end":{}}],"line":79}},"s":{"0":8,"1":243,"2":26,"3":33,"4":3,"5":30,"6":30,"7":30,"8":77,"9":3,"10":74,"11":74,"12":74,"13":74,"14":18,"15":2,"16":16,"17":16,"18":16,"19":7,"20":3,"21":4,"22":1,"23":3,"24":3,"25":3,"26":8},"f":{"0":243,"1":26,"2":33,"3":77,"4":18,"5":7},"b":{"0":[3,30],"1":[33,30],"2":[30,29],"3":[3,74],"4":[77,74],"5":[74,22],"6":[2,16],"7":[13,3],"8":[3,4],"9":[7,4],"10":[1,3]},"_coverageSchema":"1a1c01bbd47fc00a2c39e90264f33305004495a9","hash":"947b692d781d34d20a9edc19c3af0413e3e92536"}
,"D:\\school stuff\\5th Semester\\CCP555\\fragments\\src\\routes\\index.js": {"path":"D:\\school stuff\\5th Semester\\CCP555\\fragments\\src\\routes\\index.js","statementMap":{"0":{"start":{"line":2,"column":25},"end":{"line":2,"column":43}},"1":{"start":{"line":3,"column":16},"end":{"line":3,"column":34}},"2":{"start":{"line":4,"column":17},"end":{"line":4,"column":42}},"3":{"start":{"line":7,"column":28},"end":{"line":7,"column":57}},"4":{"start":{"line":10,"column":15},"end":{"line":10,"column":31}},"5":{"start":{"line":15,"column":0},"end":{"line":15,"column":52}},"6":{"start":{"line":21,"column":0},"end":{"line":34,"column":3}},"7":{"start":{"line":23,"column":2},"end":{"line":23,"column":45}},"8":{"start":{"line":25,"column":2},"end":{"line":33,"column":4}},"9":{"start":{"line":36,"column":0},"end":{"line":36,"column":24}}},"fnMap":{"0":{"name":"(anonymous_0)","decl":{"start":{"line":21,"column":16},"end":{"line":21,"column":17}},"loc":{"start":{"line":21,"column":30},"end":{"line":34,"column":1}},"line":21}},"branchMap":{},"s":{"0":5,"1":5,"2":5,"3":5,"4":5,"5":5,"6":5,"7":4,"8":4,"9":5},"f":{"0":4},"b":{},"_coverageSchema":"1a1c01bbd47fc00a2c39e90264f33305004495a9","hash":"e40fe6d06c54736155d9ff5475b711efc5882770"}
,"D:\\school stuff\\5th Semester\\CCP555\\fragments\\src\\routes\\api\\get.js": {"path":"D:\\school stuff\\5th Semester\\CCP555\\fragments\\src\\routes\\api\\get.js","statementMap":{"0":{"start":{"line":2,"column":15},"end":{"line":2,"column":32}},"1":{"start":{"line":3,"column":21},"end":{"line":3,"column":52}},"2":{"start":{"line":5,"column":30},"end":{"line":5,"column":77}},"3":{"start":{"line":7,"column":0},"end":{"line":36,"column":2}},"4":{"start":{"line":8,"column":17},"end":{"line":8,"column":33}},"5":{"start":{"line":9,"column":13},"end":{"line":9,"column":71}},"6":{"start":{"line":10,"column":17},"end":{"line":10,"column":44}},"7":{"start":{"line":12,"column":2},"end":{"line":35,"column":3}},"8":{"start":{"line":13,"column":20},"end":{"line":13,"column":22}},"9":{"start":{"line":15,"column":4},"end":{"line":20,"column":5}},"10":{"start":{"line":16,"column":23},"end":{"line":16,"column":52}},"11":{"start":{"line":17,"column":6},"end":{"line":19,"column":7}},"12":{"start":{"line":18,"column":8},"end":{"line":18,"column":33}},"13":{"start":{"line":22,"column":4},"end":{"line":27,"column":6}},"14":{"start":{"line":29,"column":4},"end":{"line":34,"column":6}}},"fnMap":{"0":{"name":"(anonymous_0)","decl":{"start":{"line":7,"column":17},"end":{"line":7,"column":18}},"loc":{"start":{"line":7,"column":37},"end":{"line":36,"column":1}},"line":7}},"branchMap":{"0":{"loc":{"start":{"line":12,"column":2},"end":{"line":35,"column":3}},"type":"if","locations":[{"start":{"line":12,"column":2},"end":{"line":35,"column":3}},{"start":{"line":28,"column":9},"end":{"line":35,"column":3}}],"line":12},"1":{"loc":{"start":{"line":17,"column":6},"end":{"line":19,"column":7}},"type":"if","locations":[{"start":{"line":17,"column":6},"end":{"line":19,"column":7}},{"start":{},"end":{}}],"line":17}},"s":{"0":5,"1":5,"2":5,"3":5,"4":2,"5":2,"6":2,"7":2,"8":1,"9":1,"10":0,"11":0,"12":0,"13":1,"14":1},"f":{"0":2},"b":{"0":[1,1],"1":[0,0]},"_coverageSchema":"1a1c01bbd47fc00a2c39e90264f33305004495a9","hash":"3afb3dfa95c883a26590e8fc4e95a900a8af341e"}
,"D:\\school stuff\\5th Semester\\CCP555\\fragments\\src\\routes\\api\\getFragmentById.js": {"path":"D:\\school stuff\\5th Semester\\CCP555\\fragments\\src\\routes\\api\\getFragmentById.js","statementMap":{"0":{"start":{"line":2,"column":15},"end":{"line":2,"column":32}},"1":{"start":{"line":3,"column":21},"end":{"line":3,"column":52}},"2":{"start":{"line":10,"column":28},"end":{"line":10,"column":73}},"3":{"start":{"line":13,"column":16},"end":{"line":13,"column":18}},"4":{"start":{"line":14,"column":2},"end":{"line":41,"column":3}},"5":{"start":{"line":16,"column":6},"end":{"line":16,"column":25}},"6":{"start":{"line":17,"column":6},"end":{"line":17,"column":12}},"7":{"start":{"line":19,"column":6},"end":{"line":19,"column":41}},"8":{"start":{"line":20,"column":6},"end":{"line":20,"column":12}},"9":{"start":{"line":22,"column":6},"end":{"line":22,"column":34}},"10":{"start":{"line":23,"column":6},"end":{"line":23,"column":12}},"11":{"start":{"line":25,"column":6},"end":{"line":25,"column":34}},"12":{"start":{"line":26,"column":6},"end":{"line":26,"column":12}},"13":{"start":{"line":28,"column":6},"end":{"line":28,"column":50}},"14":{"start":{"line":29,"column":6},"end":{"line":29,"column":12}},"15":{"start":{"line":31,"column":6},"end":{"line":31,"column":50}},"16":{"start":{"line":32,"column":6},"end":{"line":32,"column":12}},"17":{"start":{"line":34,"column":6},"end":{"line":34,"column":50}},"18":{"start":{"line":35,"column":6},"end":{"line":35,"column":12}},"19":{"start":{"line":37,"column":6},"end":{"line":37,"column":50}},"20":{"start":{"line":38,"column":6},"end":{"line":38,"column":12}},"21":{"start":{"line":40,"column":6},"end":{"line":40,"column":19}},"22":{"start":{"line":43,"column":21},"end":{"line":43,"column":61}},"23":{"start":{"line":43,"column":34},"end":{"line":43,"column":61}},"24":{"start":{"line":45,"column":2},"end":{"line":45,"column":34}},"25":{"start":{"line":48,"column":0},"end":{"line":115,"column":2}},"26":{"start":{"line":50,"column":20},"end":{"line":50,"column":33}},"27":{"start":{"line":51,"column":13},"end":{"line":51,"column":71}},"28":{"start":{"line":53,"column":25},"end":{"line":53,"column":45}},"29":{"start":{"line":58,"column":2},"end":{"line":64,"column":3}},"30":{"start":{"line":59,"column":4},"end":{"line":59,"column":70}},"31":{"start":{"line":60,"column":4},"end":{"line":60,"column":52}},"32":{"start":{"line":62,"column":4},"end":{"line":62,"column":27}},"33":{"start":{"line":63,"column":4},"end":{"line":63,"column":15}},"34":{"start":{"line":66,"column":17},"end":{"line":66,"column":44}},"35":{"start":{"line":68,"column":2},"end":{"line":114,"column":3}},"36":{"start":{"line":69,"column":27},"end":{"line":69,"column":56}},"37":{"start":{"line":72,"column":4},"end":{"line":83,"column":5}},"38":{"start":{"line":73,"column":6},"end":{"line":73,"column":32}},"39":{"start":{"line":75,"column":6},"end":{"line":82,"column":9}},"40":{"start":{"line":85,"column":4},"end":{"line":107,"column":5}},"41":{"start":{"line":86,"column":23},"end":{"line":86,"column":27}},"42":{"start":{"line":87,"column":6},"end":{"line":93,"column":7}},"43":{"start":{"line":88,"column":8},"end":{"line":88,"column":46}},"44":{"start":{"line":90,"column":8},"end":{"line":92,"column":9}},"45":{"start":{"line":91,"column":10},"end":{"line":91,"column":48}},"46":{"start":{"line":95,"column":6},"end":{"line":106,"column":7}},"47":{"start":{"line":96,"column":8},"end":{"line":96,"column":57}},"48":{"start":{"line":97,"column":8},"end":{"line":97,"column":41}},"49":{"start":{"line":99,"column":22},"end":{"line":99,"column":91}},"50":{"start":{"line":100,"column":8},"end":{"line":105,"column":10}},"51":{"start":{"line":109,"column":4},"end":{"line":113,"column":6}}},"fnMap":{"0":{"name":"validConversion","decl":{"start":{"line":12,"column":9},"end":{"line":12,"column":24}},"loc":{"start":{"line":12,"column":49},"end":{"line":46,"column":1}},"line":12},"1":{"name":"(anonymous_1)","decl":{"start":{"line":43,"column":21},"end":{"line":43,"column":22}},"loc":{"start":{"line":43,"column":34},"end":{"line":43,"column":61}},"line":43},"2":{"name":"(anonymous_2)","decl":{"start":{"line":48,"column":17},"end":{"line":48,"column":18}},"loc":{"start":{"line":48,"column":37},"end":{"line":115,"column":1}},"line":48}},"branchMap":{"0":{"loc":{"start":{"line":14,"column":2},"end":{"line":41,"column":3}},"type":"switch","locations":[{"start":{"line":15,"column":4},"end":{"line":17,"column":12}},{"start":{"line":18,"column":4},"end":{"line":20,"column":12}},{"start":{"line":21,"column":4},"end":{"line":23,"column":12}},{"start":{"line":24,"column":4},"end":{"line":26,"column":12}},{"start":{"line":27,"column":4},"end":{"line":29,"column":12}},{"start":{"line":30,"column":4},"end":{"line":32,"column":12}},{"start":{"line":33,"column":4},"end":{"line":35,"column":12}},{"start":{"line":36,"column":4},"end":{"line":38,"column":12}},{"start":{"line":39,"column":4},"end":{"line":40,"column":19}}],"line":14},"1":{"loc":{"start":{"line":58,"column":2},"end":{"line":64,"column":3}},"type":"if","locations":[{"start":{"line":58,"column":2},"end":{"line":64,"column":3}},{"start":{"line":61,"column":9},"end":{"line":64,"column":3}}],"line":58},"2":{"loc":{"start":{"line":68,"column":2},"end":{"line":114,"column":3}},"type":"if","locations":[{"start":{"line":68,"column":2},"end":{"line":114,"column":3}},{"start":{"line":108,"column":9},"end":{"line":114,"column":3}}],"line":68},"3":{"loc":{"start":{"line":72,"column":4},"end":{"line":83,"column":5}},"type":"if","locations":[{"start":{"line":72,"column":4},"end":{"line":83,"column":5}},{"start":{"line":74,"column":11},"end":{"line":83,"column":5}}],"line":72},"4":{"loc":{"start":{"line":85,"column":4},"end":{"line":107,"column":5}},"type":"if","locations":[{"start":{"line":85,"column":4},"end":{"line":107,"column":5}},{"start":{},"end":{}}],"line":85},"5":{"loc":{"start":{"line":87,"column":6},"end":{"line":93,"column":7}},"type":"if","locations":[{"start":{"line":87,"column":6},"end":{"line":93,"column":7}},{"start":{"line":89,"column":13},"end":{"line":93,"column":7}}],"line":87},"6":{"loc":{"start":{"line":90,"column":8},"end":{"line":92,"column":9}},"type":"if","locations":[{"start":{"line":90,"column":8},"end":{"line":92,"column":9}},{"start":{},"end":{}}],"line":90},"7":{"loc":{"start":{"line":95,"column":6},"end":{"line":106,"column":7}},"type":"if","locations":[{"start":{"line":95,"column":6},"end":{"line":106,"column":7}},{"start":{"line":98,"column":13},"end":{"line":106,"column":7}}],"line":95}},"s":{"0":5,"1":5,"2":5,"3":6,"4":6,"5":2,"6":2,"7":2,"8":2,"9":1,"10":1,"11":0,"12":0,"13":1,"14":1,"15":0,"16":0,"17":0,"18":0,"19":0,"20":0,"21":0,"22":6,"23":8,"24":6,"25":5,"26":9,"27":9,"28":9,"29":9,"30":6,"31":6,"32":3,"33":3,"34":9,"35":9,"36":8,"37":8,"38":8,"39":0,"40":8,"41":8,"42":8,"43":2,"44":6,"45":5,"46":8,"47":7,"48":7,"49":1,"50":1,"51":1},"f":{"0":6,"1":8,"2":9},"b":{"0":[2,2,1,0,1,0,0,0,0],"1":[6,3],"2":[8,1],"3":[8,0],"4":[8,0],"5":[2,6],"6":[5,1],"7":[7,1]},"_coverageSchema":"1a1c01bbd47fc00a2c39e90264f33305004495a9","hash":"2dcd369cc70e03a290a87d99ab4e35b74c3a99e8"}
,"D:\\school stuff\\5th Semester\\CCP555\\fragments\\src\\routes\\api\\index.js": {"path":"D:\\school stuff\\5th Semester\\CCP555\\fragments\\src\\routes\\api\\index.js","statementMap":{"0":{"start":{"line":6,"column":16},"end":{"line":6,"column":34}},"1":{"start":{"line":7,"column":18},"end":{"line":7,"column":41}},"2":{"start":{"line":9,"column":21},"end":{"line":9,"column":55}},"3":{"start":{"line":12,"column":15},"end":{"line":12,"column":31}},"4":{"start":{"line":15,"column":0},"end":{"line":15,"column":43}},"5":{"start":{"line":18,"column":0},"end":{"line":18,"column":59}},"6":{"start":{"line":20,"column":16},"end":{"line":31,"column":4}},"7":{"start":{"line":21,"column":2},"end":{"line":31,"column":4}},"8":{"start":{"line":28,"column":23},"end":{"line":28,"column":45}},"9":{"start":{"line":29,"column":6},"end":{"line":29,"column":44}},"10":{"start":{"line":35,"column":0},"end":{"line":35,"column":56}},"11":{"start":{"line":37,"column":0},"end":{"line":37,"column":24}}},"fnMap":{"0":{"name":"(anonymous_0)","decl":{"start":{"line":20,"column":16},"end":{"line":20,"column":17}},"loc":{"start":{"line":21,"column":2},"end":{"line":31,"column":4}},"line":21},"1":{"name":"(anonymous_1)","decl":{"start":{"line":24,"column":10},"end":{"line":24,"column":11}},"loc":{"start":{"line":24,"column":19},"end":{"line":30,"column":5}},"line":24}},"branchMap":{},"s":{"0":5,"1":5,"2":5,"3":5,"4":5,"5":5,"6":5,"7":5,"8":9,"9":9,"10":5,"11":5},"f":{"0":5,"1":9},"b":{},"_coverageSchema":"1a1c01bbd47fc00a2c39e90264f33305004495a9","hash":"cb53b381eae33d5ce2679c935360b73a09a71763"}
,"D:\\school stuff\\5th Semester\\CCP555\\fragments\\src\\routes\\api\\post.js": {"path":"D:\\school stuff\\5th Semester\\CCP555\\fragments\\src\\routes\\api\\post.js","statementMap":{"0":{"start":{"line":5,"column":15},"end":{"line":5,"column":32}},"1":{"start":{"line":6,"column":21},"end":{"line":6,"column":52}},"2":{"start":{"line":8,"column":30},"end":{"line":8,"column":77}},"3":{"start":{"line":9,"column":28},"end":{"line":9,"column":73}},"4":{"start":{"line":11,"column":21},"end":{"line":13,"column":1}},"5":{"start":{"line":12,"column":2},"end":{"line":12,"column":45}},"6":{"start":{"line":15,"column":0},"end":{"line":43,"column":2}},"7":{"start":{"line":16,"column":2},"end":{"line":42,"column":3}},"8":{"start":{"line":17,"column":15},"end":{"line":17,"column":29}},"9":{"start":{"line":18,"column":21},"end":{"line":18,"column":90}},"10":{"start":{"line":19,"column":4},"end":{"line":19,"column":36}},"11":{"start":{"line":21,"column":24},"end":{"line":27,"column":6}},"12":{"start":{"line":28,"column":4},"end":{"line":28,"column":34}},"13":{"start":{"line":30,"column":4},"end":{"line":35,"column":6}},"14":{"start":{"line":37,"column":4},"end":{"line":41,"column":6}}},"fnMap":{"0":{"name":"(anonymous_0)","decl":{"start":{"line":11,"column":21},"end":{"line":11,"column":22}},"loc":{"start":{"line":11,"column":27},"end":{"line":13,"column":1}},"line":11},"1":{"name":"(anonymous_1)","decl":{"start":{"line":15,"column":17},"end":{"line":15,"column":18}},"loc":{"start":{"line":15,"column":31},"end":{"line":43,"column":1}},"line":15}},"branchMap":{"0":{"loc":{"start":{"line":16,"column":2},"end":{"line":42,"column":3}},"type":"if","locations":[{"start":{"line":16,"column":2},"end":{"line":42,"column":3}},{"start":{"line":36,"column":9},"end":{"line":42,"column":3}}],"line":16}},"s":{"0":5,"1":5,"2":5,"3":5,"4":5,"5":9,"6":5,"7":9,"8":9,"9":9,"10":9,"11":9,"12":9,"13":9,"14":0},"f":{"0":9,"1":9},"b":{"0":[9,0]},"_coverageSchema":"1a1c01bbd47fc00a2c39e90264f33305004495a9","hash":"246110b646435fa7ddb3010731c72926a08005b9"}
}
