TN:
SF:src\app.js
FN:38,(anonymous_0)
FN:53,(anonymous_1)
FNF:2
FNH:1
FNDA:1,(anonymous_0)
FNDA:0,(anonymous_1)
DA:3,5
DA:4,5
DA:5,5
DA:6,5
DA:7,5
DA:8,5
DA:9,5
DA:11,5
DA:12,5
DA:18,5
DA:21,5
DA:24,5
DA:27,5
DA:30,5
DA:33,5
DA:34,5
DA:36,5
DA:38,5
DA:40,1
DA:41,1
DA:53,5
DA:56,0
DA:57,0
DA:60,0
DA:61,0
DA:64,0
DA:68,5
LF:27
LH:22
BRDA:56,0,0,0
BRDA:56,0,1,0
BRDA:57,1,0,0
BRDA:57,1,1,0
BRDA:60,2,0,0
BRDA:60,2,1,0
BRF:6
BRH:0
end_of_record
TN:
SF:src\hash.js
FN:22,(anonymous_0)
FNF:1
FNH:1
FNDA:23,(anonymous_0)
DA:16,6
DA:22,23
LF:2
LH:2
BRF:0
BRH:0
end_of_record
TN:
SF:src\logger.js
FNF:0
FNH:0
DA:4,5
DA:7,5
DA:15,0
DA:25,5
LF:4
LH:3
BRDA:4,0,0,5
BRDA:4,0,1,0
BRDA:7,1,0,0
BRDA:7,1,1,5
BRF:4
BRH:2
end_of_record
TN:
SF:src\response.js
FN:11,(anonymous_0)
FN:29,(anonymous_1)
FNF:2
FNH:2
FNDA:17,(anonymous_0)
FNDA:8,(anonymous_1)
DA:11,6
DA:12,17
DA:29,6
DA:30,8
LF:4
LH:4
BRF:0
BRH:0
end_of_record
TN:
SF:src\auth\auth-middleware.js
FN:11,(anonymous_0)
FN:12,(anonymous_1)
FN:19,callback
FNF:3
FNH:3
FNDA:5,(anonymous_0)
FNDA:24,(anonymous_1)
FNDA:24,callback
DA:1,5
DA:3,5
DA:4,5
DA:5,5
DA:11,5
DA:12,5
DA:21,24
DA:22,0
DA:23,0
DA:27,24
DA:28,4
DA:32,20
DA:33,20
DA:36,20
DA:41,24
LF:15
LH:13
BRDA:21,0,0,0
BRDA:21,0,1,24
BRDA:27,1,0,4
BRDA:27,1,1,20
BRF:4
BRH:3
end_of_record
TN:
SF:src\auth\basic-auth.js
FN:17,(anonymous_0)
FN:26,(anonymous_1)
FNF:2
FNH:2
FNDA:5,(anonymous_0)
FNDA:5,(anonymous_1)
DA:6,5
DA:9,5
DA:10,5
DA:13,5
DA:14,0
DA:17,5
DA:20,5
DA:26,5
LF:8
LH:7
BRDA:13,0,0,0
BRDA:13,0,1,5
BRF:2
BRH:1
end_of_record
TN:
SF:src\auth\index.js
FNF:0
FNH:0
DA:4,5
DA:5,0
DA:8,5
DA:9,5
DA:13,0
LF:5
LH:3
BRDA:4,0,0,0
BRDA:4,0,1,5
BRDA:4,1,0,5
BRDA:4,1,1,0
BRDA:8,2,0,5
BRDA:8,2,1,0
BRDA:8,3,0,5
BRDA:8,3,1,5
BRF:8
BRH:5
end_of_record
TN:
SF:src\model\fragment.js
FN:18,(anonymous_0)
FN:58,(anonymous_1)
FN:68,(anonymous_2)
FN:90,(anonymous_3)
FN:98,(anonymous_4)
FN:107,(anonymous_5)
FN:116,(anonymous_6)
FN:131,(anonymous_7)
FN:140,(anonymous_8)
FN:148,(anonymous_9)
FN:162,(anonymous_10)
FNF:11
FNH:11
FNDA:46,(anonymous_0)
FNDA:14,(anonymous_1)
FNDA:12,(anonymous_2)
FNDA:1,(anonymous_3)
FNDA:46,(anonymous_4)
FNDA:7,(anonymous_5)
FNDA:16,(anonymous_6)
FNDA:16,(anonymous_7)
FNDA:1,(anonymous_8)
FNDA:1,(anonymous_9)
FNDA:59,(anonymous_10)
DA:3,6
DA:5,6
DA:15,6
DA:19,46
DA:27,40
DA:28,16
DA:30,24
DA:32,40
DA:33,40
DA:35,40
DA:37,40
DA:38,40
DA:39,40
DA:41,6
DA:42,2
DA:44,4
DA:45,1
DA:47,3
DA:59,14
DA:69,12
DA:70,12
DA:71,1
DA:73,11
DA:81,11
DA:91,1
DA:99,46
DA:100,46
DA:108,7
DA:117,16
DA:118,15
DA:119,15
DA:120,15
DA:122,1
DA:132,16
DA:133,16
DA:141,1
DA:149,1
DA:151,1
DA:152,1
DA:154,1
DA:163,59
DA:174,59
DA:178,6
LF:43
LH:43
BRDA:18,0,0,2
BRDA:19,1,0,40
BRDA:19,1,1,6
BRDA:20,2,0,46
BRDA:20,2,1,44
BRDA:20,2,2,43
BRDA:20,2,3,42
BRDA:20,2,4,41
BRDA:20,2,5,6
BRDA:27,3,0,16
BRDA:27,3,1,24
BRDA:32,4,0,40
BRDA:32,4,1,28
BRDA:35,5,0,40
BRDA:35,5,1,20
BRDA:37,6,0,40
BRDA:37,6,1,40
BRDA:41,7,0,2
BRDA:41,7,1,4
BRDA:44,8,0,1
BRDA:44,8,1,3
BRDA:58,9,0,13
BRDA:70,10,0,1
BRDA:70,10,1,11
BRDA:117,11,0,15
BRDA:117,11,1,1
BRDA:151,12,0,1
BRDA:151,12,1,0
BRF:28
BRH:27
end_of_record
TN:
SF:src\model\data\index.js
FNF:0
FNH:0
DA:5,6
DA:7,6
LF:2
LH:2
BRDA:5,0,0,0
BRDA:5,0,1,6
BRF:2
BRH:1
end_of_record
TN:
SF:src\model\data\memory\index.js
FN:8,writeFragment
FN:13,readFragment
FN:18,writeFragmentData
FN:23,readFragmentData
FN:28,listFragments
FN:37,(anonymous_5)
FN:41,deleteFragment
FNF:7
FNH:7
FNDA:47,writeFragment
FNDA:13,readFragment
FNDA:16,writeFragmentData
FNDA:8,readFragmentData
FNDA:14,listFragments
FNDA:57,(anonymous_5)
FNDA:1,deleteFragment
DA:1,7
DA:4,7
DA:5,7
DA:9,47
DA:14,13
DA:19,16
DA:24,8
DA:29,14
DA:32,14
DA:33,1
DA:37,57
DA:42,1
DA:50,7
DA:51,7
DA:52,7
DA:53,7
DA:54,7
DA:55,7
LF:18
LH:18
BRDA:28,0,0,0
BRDA:32,1,0,1
BRDA:32,1,1,13
BRDA:32,2,0,14
BRDA:32,2,1,13
BRF:5
BRH:4
end_of_record
TN:
SF:src\model\data\memory\memory-db.js
FN:1,(anonymous_0)
FN:4,(anonymous_1)
FN:15,(anonymous_2)
FN:33,(anonymous_3)
FN:54,(anonymous_4)
FN:71,(anonymous_5)
FNF:6
FNH:6
FNDA:243,(anonymous_0)
FNDA:26,(anonymous_1)
FNDA:33,(anonymous_2)
FNDA:77,(anonymous_3)
FNDA:18,(anonymous_4)
FNDA:7,(anonymous_5)
DA:1,243
DA:6,26
DA:16,33
DA:17,3
DA:22,30
DA:23,30
DA:24,30
DA:34,77
DA:35,3
DA:40,74
DA:42,74
DA:44,74
DA:45,74
DA:55,18
DA:56,2
DA:60,16
DA:61,16
DA:62,16
DA:72,7
DA:73,3
DA:79,4
DA:80,1
DA:85,3
DA:86,3
DA:87,3
DA:91,8
LF:26
LH:26
BRDA:16,0,0,3
BRDA:16,0,1,30
BRDA:16,1,0,33
BRDA:16,1,1,30
BRDA:23,2,0,30
BRDA:23,2,1,29
BRDA:34,3,0,3
BRDA:34,3,1,74
BRDA:34,4,0,77
BRDA:34,4,1,74
BRDA:42,5,0,74
BRDA:42,5,1,22
BRDA:55,6,0,2
BRDA:55,6,1,16
BRDA:61,7,0,13
BRDA:61,7,1,3
BRDA:72,8,0,3
BRDA:72,8,1,4
BRDA:72,9,0,7
BRDA:72,9,1,4
BRDA:79,10,0,1
BRDA:79,10,1,3
BRF:22
BRH:22
end_of_record
TN:
SF:src\routes\index.js
FN:21,(anonymous_0)
FNF:1
FNH:1
FNDA:4,(anonymous_0)
DA:2,5
DA:3,5
DA:4,5
DA:7,5
DA:10,5
DA:15,5
DA:21,5
DA:23,4
DA:25,4
DA:36,5
LF:10
LH:10
BRF:0
BRH:0
end_of_record
TN:
SF:src\routes\api\get.js
FN:7,(anonymous_0)
FNF:1
FNH:1
FNDA:2,(anonymous_0)
DA:2,5
DA:3,5
DA:5,5
DA:7,5
DA:8,2
DA:9,2
DA:10,2
DA:12,2
DA:13,1
DA:15,1
DA:16,0
DA:17,0
DA:18,0
DA:22,1
DA:29,1
LF:15
LH:12
BRDA:12,0,0,1
BRDA:12,0,1,1
BRDA:17,1,0,0
BRDA:17,1,1,0
BRF:4
BRH:2
end_of_record
TN:
SF:src\routes\api\getFragmentById.js
FN:12,validConversion
FN:43,(anonymous_1)
FN:48,(anonymous_2)
FNF:3
FNH:3
FNDA:6,validConversion
FNDA:8,(anonymous_1)
FNDA:9,(anonymous_2)
DA:2,5
DA:3,5
DA:10,5
DA:13,6
DA:14,6
DA:16,2
DA:17,2
DA:19,2
DA:20,2
DA:22,1
DA:23,1
DA:25,0
DA:26,0
DA:28,1
DA:29,1
DA:31,0
DA:32,0
DA:34,0
DA:35,0
DA:37,0
DA:38,0
DA:40,0
DA:43,8
DA:45,6
DA:48,5
DA:50,9
DA:51,9
DA:53,9
DA:58,9
DA:59,6
DA:60,6
DA:62,3
DA:63,3
DA:66,9
DA:68,9
DA:69,8
DA:72,8
DA:73,8
DA:75,0
DA:85,8
DA:86,8
DA:87,8
DA:88,2
DA:90,6
DA:91,5
DA:95,8
DA:96,7
DA:97,7
DA:99,1
DA:100,1
DA:109,1
LF:51
LH:41
BRDA:14,0,0,2
BRDA:14,0,1,2
BRDA:14,0,2,1
BRDA:14,0,3,0
BRDA:14,0,4,1
BRDA:14,0,5,0
BRDA:14,0,6,0
BRDA:14,0,7,0
BRDA:14,0,8,0
BRDA:58,1,0,6
BRDA:58,1,1,3
BRDA:68,2,0,8
BRDA:68,2,1,1
BRDA:72,3,0,8
BRDA:72,3,1,0
BRDA:85,4,0,8
BRDA:85,4,1,0
BRDA:87,5,0,2
BRDA:87,5,1,6
BRDA:90,6,0,5
BRDA:90,6,1,1
BRDA:95,7,0,7
BRDA:95,7,1,1
BRF:23
BRH:16
end_of_record
TN:
SF:src\routes\api\index.js
FN:20,(anonymous_0)
FN:24,(anonymous_1)
FNF:2
FNH:2
FNDA:5,(anonymous_0)
FNDA:9,(anonymous_1)
DA:6,5
DA:7,5
DA:9,5
DA:12,5
DA:15,5
DA:18,5
DA:20,5
DA:21,5
DA:28,9
DA:29,9
DA:35,5
DA:37,5
LF:12
LH:12
BRF:0
BRH:0
end_of_record
TN:
SF:src\routes\api\post.js
FN:11,(anonymous_0)
FN:15,(anonymous_1)
FNF:2
FNH:2
FNDA:9,(anonymous_0)
FNDA:9,(anonymous_1)
DA:5,5
DA:6,5
DA:8,5
DA:9,5
DA:11,5
DA:12,9
DA:15,5
DA:16,9
DA:17,9
DA:18,9
DA:19,9
DA:21,9
DA:28,9
DA:30,9
DA:37,0
LF:15
LH:14
BRDA:16,0,0,9
BRDA:16,0,1,0
BRF:2
BRH:1
end_of_record
